<?xml version="1.0" encoding="UTF-8"?>
<testsuite name="SubstitutionCipherTest" tests="16" skipped="0" failures="0" errors="0" timestamp="2015-08-27T20:17:18" hostname="rpatel-mbp" time="0.008">
  <properties/>
  <testcase name="cipherCanWrapEncode" classname="SubstitutionCipherTest" time="0.0"/>
  <testcase name="cipherKeepsTheSubmittedKey" classname="SubstitutionCipherTest" time="0.0"/>
  <testcase name="cipherCanEncodeWithGivenKey" classname="SubstitutionCipherTest" time="0.0"/>
  <testcase name="cipherCanDecodeWithGivenKey" classname="SubstitutionCipherTest" time="0.0"/>
  <testcase name="cipherIsReversibleGivenKey" classname="SubstitutionCipherTest" time="0.001"/>
  <testcase name="cipherCanDoubleShiftEncode" classname="SubstitutionCipherTest" time="0.0"/>
  <testcase name="cipherCanEncodeMessageThatIsShorterThanTheKey" classname="SubstitutionCipherTest" time="0.0"/>
  <testcase name="cipherCanDecodeMessageThatIsShorterThanTheKey" classname="SubstitutionCipherTest" time="0.0"/>
  <testcase name="cipherCanWrapEncode" classname="SubstitutionCipherTest" time="0.0"/>
  <testcase name="cipherKeepsTheSubmittedKey" classname="SubstitutionCipherTest" time="0.0"/>
  <testcase name="cipherCanEncodeWithGivenKey" classname="SubstitutionCipherTest" time="0.0"/>
  <testcase name="cipherCanDecodeWithGivenKey" classname="SubstitutionCipherTest" time="0.0"/>
  <testcase name="cipherIsReversibleGivenKey" classname="SubstitutionCipherTest" time="0.0"/>
  <testcase name="cipherCanDoubleShiftEncode" classname="SubstitutionCipherTest" time="0.0"/>
  <testcase name="cipherCanEncodeMessageThatIsShorterThanTheKey" classname="SubstitutionCipherTest" time="0.0"/>
  <testcase name="cipherCanDecodeMessageThatIsShorterThanTheKey" classname="SubstitutionCipherTest" time="0.0"/>
  <system-out><![CDATA[]]></system-out>
  <system-err><![CDATA[]]></system-err>
</testsuite>
