<?xml version="1.0" encoding="UTF-8"?>
<testsuite name="BobTest" tests="18" skipped="0" failures="0" errors="0" timestamp="2015-06-01T03:32:44" hostname="Rootuls-MacBook-Pro.local" time="0.009">
  <properties/>
  <testcase name="saySomething" classname="BobTest" time="0.001"/>
  <testcase name="questionWithOnlyNumbers" classname="BobTest" time="0.0"/>
  <testcase name="shouting" classname="BobTest" time="0.0"/>
  <testcase name="askingAQuestion" classname="BobTest" time="0.0"/>
  <testcase name="talkingForcefully" classname="BobTest" time="0.0"/>
  <testcase name="askingANumericQuestion" classname="BobTest" time="0.0"/>
  <testcase name="shoutingNumbers" classname="BobTest" time="0.0"/>
  <testcase name="forcefulQuestions" classname="BobTest" time="0.0"/>
  <testcase name="onlyNumbers" classname="BobTest" time="0.0"/>
  <testcase name="calmlySpeakingWithUmlauts" classname="BobTest" time="0.0"/>
  <testcase name="prolongedSilence" classname="BobTest" time="0.0"/>
  <testcase name="shoutingWithNoExclamationMark" classname="BobTest" time="0.0"/>
  <testcase name="silence" classname="BobTest" time="0.0"/>
  <testcase name="usingAcronymsInRegularSpeech" classname="BobTest" time="0.0"/>
  <testcase name="statementContainingQuestionMark" classname="BobTest" time="0.0"/>
  <testcase name="prattlingOn" classname="BobTest" time="0.0"/>
  <testcase name="shoutingWithSpecialCharacters" classname="BobTest" time="0.0"/>
  <testcase name="shoutingWithUmlauts" classname="BobTest" time="0.0"/>
  <system-out><![CDATA[]]></system-out>
  <system-err><![CDATA[]]></system-err>
</testsuite>
